<?xml version="1.0" encoding="UTF-8"?>
<testsuite name="com.nextime.user.api.UserControllerSecurityTest" tests="3" skipped="0" failures="0" errors="0" timestamp="2026-08-11T08:19:22.149Z" hostname="choeinhaui-MacBookPro.local" time="1.471">
  <properties/>
  <testcase name="registeredJwtWithoutInternalUserReturns401()" classname="com.nextime.user.api.UserControllerSecurityTest" time="0.062"/>
  <testcase name="unauthenticatedRequestReturns401()" classname="com.nextime.user.api.UserControllerSecurityTest" time="0.004"/>
  <testcase name="jwtSubjectResolvesInternalUser()" classname="com.nextime.user.api.UserControllerSecurityTest" time="0.032"/>
  <system-out><![CDATA[17:19:22.208 [Test worker] INFO org.springframework.test.context.support.AnnotationConfigContextLoaderUtils -- Could not detect default configuration classes for test class [com.nextime.user.api.UserControllerSecurityTest]: UserControllerSecurityTest does not declare any static, non-private, non-final, nested classes annotated with @Configuration.
17:19:22.257 [Test worker] INFO org.springframework.boot.test.context.SpringBootTestContextBootstrapper -- Found @SpringBootConfiguration com.nextime.NextimeApiApplication for test class com.nextime.user.api.UserControllerSecurityTest
17:19:22.259 [Test worker] INFO org.springframework.test.context.support.AnnotationConfigContextLoaderUtils -- Could not detect default configuration classes for test class [com.nextime.user.api.UserControllerSecurityTest]: UserControllerSecurityTest does not declare any static, non-private, non-final, nested classes annotated with @Configuration.
17:19:22.262 [Test worker] INFO org.springframework.boot.test.context.SpringBootTestContextBootstrapper -- Found @SpringBootConfiguration com.nextime.NextimeApiApplication for test class com.nextime.user.api.UserControllerSecurityTest

  .   ____          _            __ _ _
 /\\ / ___'_ __ _ _(_)_ __  __ _ \ \ \ \
( ( )\___ | '_ | '_| | '_ \/ _` | \ \ \ \
 \\/  ___)| |_)| | | | | || (_| |  ) ) ) )
  '  |____| .__|_| |_|_| |_\__, | / / / /
 =========|_|==============|___/=/_/_/_/

 :: Spring Boot ::                (v4.1.0)

2026-08-11T17:19:22.404+09:00  INFO 66653 --- [nextime-api] [    Test worker] c.n.user.api.UserControllerSecurityTest  : Starting UserControllerSecurityTest using Java 21.0.12 with PID 66653 (started by choeinha in /Users/choeinha/Projects/NextTime/NextTime/backend)
2026-08-11T17:19:22.405+09:00  INFO 66653 --- [nextime-api] [    Test worker] c.n.user.api.UserControllerSecurityTest  : No active profile set, falling back to 1 default profile: "default"
2026-08-11T17:19:23.503+09:00  INFO 66653 --- [nextime-api] [    Test worker] o.s.b.t.m.w.SpringBootMockServletContext : Initializing Spring TestDispatcherServlet ''
2026-08-11T17:19:23.503+09:00  INFO 66653 --- [nextime-api] [    Test worker] o.s.t.web.servlet.TestDispatcherServlet  : Initializing Servlet ''
2026-08-11T17:19:23.504+09:00  INFO 66653 --- [nextime-api] [    Test worker] o.s.t.web.servlet.TestDispatcherServlet  : Completed initialization in 1 ms
2026-08-11T17:19:23.518+09:00  INFO 66653 --- [nextime-api] [    Test worker] c.n.user.api.UserControllerSecurityTest  : Started UserControllerSecurityTest in 1.233 seconds (process running for 1.729)
]]></system-out>
  <system-err><![CDATA[Mockito is currently self-attaching to enable the inline-mock-maker. This will no longer work in future releases of the JDK. Please add Mockito as an agent to your build as described in Mockito's documentation: https://javadoc.io/doc/org.mockito/mockito-core/latest/org.mockito/org/mockito/Mockito.html#0.3
WARNING: A Java agent has been loaded dynamically (/Users/choeinha/.gradle/caches/modules-2/files-2.1/net.bytebuddy/byte-buddy-agent/1.18.10/9426d28828bdcdf42666bb7a68c468279ea78f59/byte-buddy-agent-1.18.10.jar)
WARNING: If a serviceability tool is in use, please run with -XX:+EnableDynamicAgentLoading to hide this warning
WARNING: If a serviceability tool is not in use, please run with -Djdk.instrument.traceUsage for more information
WARNING: Dynamic loading of agents will be disallowed by default in a future release
]]></system-err>
</testsuite>
