<?xml version="1.0" encoding="UTF-8"?>
<testsuite name="com.nextime.security.CognitoTokenUseValidatorTest" tests="2" skipped="0" failures="0" errors="0" timestamp="2026-08-11T08:19:22.130Z" hostname="choeinhaui-MacBookPro.local" time="0.01">
  <properties/>
  <testcase name="rejectsIdToken()" classname="com.nextime.security.CognitoTokenUseValidatorTest" time="0.008"/>
  <testcase name="acceptsAccessToken()" classname="com.nextime.security.CognitoTokenUseValidatorTest" time="0.001"/>
  <system-out><![CDATA[]]></system-out>
  <system-err><![CDATA[]]></system-err>
</testsuite>
